<?xml version="1.0" encoding="UTF-8"?>
<!-- Generated by org.testng.reporters.JUnitReportReporter -->
<testsuite skipped="0" hostname="LAPTOP-VCF4M088" name="org.qsp.testngDemo.BlueStoneScenario" tests="1" failures="0" timestamp="2020-10-16T22:07:16 IST" time="56.260" errors="0">
  <testcase name="test1" time="56.260" classname="org.qsp.testngDemo.BlueStoneScenario"/>
  <system-out/>
</testsuite> <!-- org.qsp.testngDemo.BlueStoneScenario -->
