<?xml version="1.0" encoding="UTF-8"?>
<!-- Generated by org.testng.reporters.JUnitReportReporter -->
<testsuite skipped="0" hostname="LAPTOP-VCF4M088" name="org.qsp.testngDemo.ReadPropertiesFile" tests="1" failures="0" timestamp="2020-10-26T19:20:20 IST" time="53.704" errors="0">
  <testcase name="readm" time="53.704" classname="org.qsp.testngDemo.ReadPropertiesFile"/>
  <system-out/>
</testsuite> <!-- org.qsp.testngDemo.ReadPropertiesFile -->
