<?xml version="1.0" encoding="UTF-8"?>
<!-- Generated by org.testng.reporters.JUnitReportReporter -->
<testsuite skipped="0" hostname="LAPTOP-VCF4M088" name="org.qsp.testngDemo.TestNgGroup" tests="5" failures="0" timestamp="2020-10-28T07:40:44 IST" time="0.067" errors="0">
  <testcase name="tc3" time="0.006" classname="org.qsp.testngDemo.TestNgGroup"/>
  <system-out/>
  <testcase name="tc4" time="0.005" classname="org.qsp.testngDemo.TestNgGroup"/>
  <system-out/>
  <testcase name="tc1" time="0.047" classname="org.qsp.testngDemo.TestNgGroup"/>
  <system-out/>
  <testcase name="tc5" time="0.004" classname="org.qsp.testngDemo.TestNgGroup"/>
  <system-out/>
  <testcase name="tc2" time="0.005" classname="org.qsp.testngDemo.TestNgGroup"/>
  <system-out/>
</testsuite> <!-- org.qsp.testngDemo.TestNgGroup -->
