<?xml version="1.0" encoding="UTF-8"?>
<!-- Generated by org.testng.reporters.JUnitReportReporter -->
<testsuite skipped="0" hostname="LAPTOP-VCF4M088" name="org.qsp.testngDemo.TestngDemo" tests="1" failures="0" timestamp="2020-10-15T20:31:39 IST" time="52.702" errors="0">
  <testcase name="m1" time="52.702" classname="org.qsp.testngDemo.TestngDemo"/>
  <system-out/>
</testsuite> <!-- org.qsp.testngDemo.TestngDemo -->
