<?xml version="1.0" encoding="UTF-8"?>
<!-- Generated by org.testng.reporters.JUnitReportReporter -->
<testsuite skipped="0" hostname="LAPTOP-VCF4M088" name="org.qsp.testngDemo.GoogleParallelMethodsRun1" tests="3" failures="0" timestamp="2020-10-28T09:03:13 IST" time="156.490" errors="0">
  <testcase name="TC_03" time="52.443" classname="org.qsp.testngDemo.GoogleParallelMethodsRun1"/>
  <system-out/>
  <testcase name="TC_01" time="51.820" classname="org.qsp.testngDemo.GoogleParallelMethodsRun1"/>
  <system-out/>
  <testcase name="TC_02" time="52.227" classname="org.qsp.testngDemo.GoogleParallelMethodsRun1"/>
  <system-out/>
</testsuite> <!-- org.qsp.testngDemo.GoogleParallelMethodsRun1 -->
