<?xml version="1.0" encoding="UTF-8"?>
<!-- Generated by org.testng.reporters.JUnitReportReporter -->
<testsuite skipped="0" hostname="LAPTOP-VCF4M088" name="org.qsp.testngDemo.DataProvideForFacebookLogin" tests="2" failures="0" timestamp="2020-10-21T19:25:32 IST" time="0.030" errors="0">
  <testcase name="datademo" time="0.023" classname="org.qsp.testngDemo.DataProvideForFacebookLogin"/>
  <system-out/>
  <testcase name="datademo" time="0.007" classname="org.qsp.testngDemo.DataProvideForFacebookLogin"/>
  <system-out/>
</testsuite> <!-- org.qsp.testngDemo.DataProvideForFacebookLogin -->
