<?xml version="1.0" encoding="UTF-8"?>
<!-- Generated by org.testng.reporters.JUnitReportReporter -->
<testsuite skipped="0" hostname="LAPTOP-VCF4M088" name="org.qsp.testngDemo.TestNgGroup" tests="5" failures="0" timestamp="2020-10-17T19:07:48 IST" time="0.167" errors="0">
  <testcase name="tc3" time="0.102" classname="org.qsp.testngDemo.TestNgGroup"/>
  <system-out/>
  <testcase name="tc2" time="0.012" classname="org.qsp.testngDemo.TestNgGroup"/>
  <system-out/>
  <testcase name="tc4" time="0.036" classname="org.qsp.testngDemo.TestNgGroup"/>
  <system-out/>
  <testcase name="tc5" time="0.010" classname="org.qsp.testngDemo.TestNgGroup"/>
  <system-out/>
  <testcase name="tc1" time="0.007" classname="org.qsp.testngDemo.TestNgGroup"/>
  <system-out/>
</testsuite> <!-- org.qsp.testngDemo.TestNgGroup -->
