<?xml version="1.0" encoding="UTF-8"?>
<!-- Generated by org.testng.reporters.JUnitReportReporter -->
<testsuite skipped="0" hostname="LAPTOP-VCF4M088" name="org.qsp.testngDemo.DataProviderDemo" tests="3" failures="0" timestamp="2020-10-21T19:37:09 IST" time="0.070" errors="0">
  <testcase name="tc3" time="0.007" classname="org.qsp.testngDemo.DataProviderDemo"/>
  <system-out>
Roshan Khatale  </system-out>
  <testcase name="tc3" time="0.046" classname="org.qsp.testngDemo.DataProviderDemo"/>
  <system-out>
Aarti Khatale  </system-out>
  <testcase name="tc3" time="0.017" classname="org.qsp.testngDemo.DataProviderDemo"/>
  <system-out>
Vikram Tidake  </system-out>
</testsuite> <!-- org.qsp.testngDemo.DataProviderDemo -->
