<?xml version="1.0" encoding="UTF-8"?>
<!-- Generated by org.testng.reporters.JUnitReportReporter -->
<testsuite skipped="0" hostname="LAPTOP-VCF4M088" name="org.qsp.testngDemo.GoogleJavaTesng" tests="2" failures="0" timestamp="2020-10-16T19:13:49 IST" time="72.730" errors="0">
  <testcase name="TC_02" time="21.852" classname="org.qsp.testngDemo.GoogleJavaTesng"/>
  <system-out/>
  <testcase name="TC_01" time="50.878" classname="org.qsp.testngDemo.GoogleJavaTesng"/>
  <system-out/>
</testsuite> <!-- org.qsp.testngDemo.GoogleJavaTesng -->
