<?xml version="1.0" encoding="UTF-8"?>
<!-- Generated by org.testng.reporters.JUnitReportReporter -->
<testsuite skipped="0" hostname="LAPTOP-VCF4M088" name="org.qsp.testngDemo.Google" tests="1" failures="0" timestamp="2020-10-20T16:36:07 IST" time="50.515" errors="0">
  <testcase name="TC_01" time="50.515" classname="org.qsp.testngDemo.Google"/>
  <system-out/>
</testsuite> <!-- org.qsp.testngDemo.Google -->
