<?xml version="1.0" encoding="UTF-8"?>
<!-- Generated by org.testng.reporters.JUnitReportReporter -->
<testsuite skipped="0" hostname="LAPTOP-VCF4M088" name="org.qsp.testngDemo.BlueStoneTestng" tests="1" failures="0" timestamp="2020-10-23T18:21:46 IST" time="88.341" errors="0">
  <testcase name="m1" time="88.341" classname="org.qsp.testngDemo.BlueStoneTestng"/>
  <system-out/>
</testsuite> <!-- org.qsp.testngDemo.BlueStoneTestng -->
