<?xml version="1.0" encoding="UTF-8"?>
<!-- Generated by org.testng.reporters.JUnitReportReporter -->
<testsuite skipped="0" hostname="LAPTOP-VCF4M088" name="org.qsp.testngDemo.AnotationDemo" tests="3" failures="0" timestamp="2020-10-26T21:09:11 IST" time="0.039" errors="0">
  <testcase name="tc1" time="0.006" classname="org.qsp.testngDemo.AnotationDemo"/>
  <system-out/>
  <testcase name="tc3" time="0.027" classname="org.qsp.testngDemo.AnotationDemo"/>
  <system-out/>
  <testcase name="tc2" time="0.006" classname="org.qsp.testngDemo.AnotationDemo"/>
  <system-out/>
</testsuite> <!-- org.qsp.testngDemo.AnotationDemo -->
