<?xml version="1.0" encoding="UTF-8"?>
<!-- Generated by org.testng.reporters.JUnitReportReporter -->
<testsuite skipped="0" hostname="LAPTOP-VCF4M088" name="org.qsp.testngDemo.AssertDemo" tests="1" failures="0" timestamp="2020-10-28T08:15:49 IST" time="0.079" errors="0">
  <testcase name="assertion" time="0.079" classname="org.qsp.testngDemo.AssertDemo"/>
  <system-out/>
</testsuite> <!-- org.qsp.testngDemo.AssertDemo -->
